--- Copying files at Mon Feb  3 17:45:51 UTC 2025
--- Copied files finished at Mon Feb  3 17:45:51 UTC 2025
--- Copying files at Mon Feb  3 17:45:53 UTC 2025
--- Copied files finished at Mon Feb  3 17:45:53 UTC 2025
--- Copying files at Mon Feb  3 17:45:54 UTC 2025
--- Copied files finished at Mon Feb  3 17:45:54 UTC 2025
--- Copying files at Mon Feb  3 17:45:55 UTC 2025
--- Copied files finished at Mon Feb  3 17:45:55 UTC 2025
--- Copying files at Mon Feb  3 17:45:57 UTC 2025
--- Copied files finished at Mon Feb  3 17:45:57 UTC 2025
--- Copying files at Mon Feb  3 17:45:59 UTC 2025
--- Copied files finished at Mon Feb  3 17:45:59 UTC 2025
--- Copying files at Mon Feb  3 17:46:03 UTC 2025
--- Copied files finished at Mon Feb  3 17:46:03 UTC 2025
--- Copying files at Mon Feb  3 17:46:10 UTC 2025
--- Copied files finished at Mon Feb  3 17:46:10 UTC 2025
--- Copying files at Mon Feb  3 17:46:24 UTC 2025
--- Copied files finished at Mon Feb  3 17:46:24 UTC 2025
--- Copying files at Mon Feb  3 17:46:51 UTC 2025
--- Copied files finished at Mon Feb  3 17:46:51 UTC 2025
--- Copying files at Mon Feb  3 17:47:43 UTC 2025
--- Copied files finished at Mon Feb  3 17:47:43 UTC 2025
--- Copying files at Mon Feb  3 17:48:44 UTC 2025
--- Copied files finished at Mon Feb  3 17:48:44 UTC 2025
--- Copying files at Mon Feb  3 17:49:44 UTC 2025
--- Copied files finished at Mon Feb  3 17:49:44 UTC 2025
--- Copying files at Mon Feb  3 17:50:45 UTC 2025
--- Copied files finished at Mon Feb  3 17:50:45 UTC 2025
--- Copying files at Mon Feb  3 17:51:46 UTC 2025
--- Copied files finished at Mon Feb  3 17:51:46 UTC 2025
--- Copying files at Mon Feb  3 17:52:47 UTC 2025
--- Copied files finished at Mon Feb  3 17:52:47 UTC 2025
--- Copying files at Mon Feb  3 17:53:48 UTC 2025
--- Copied files finished at Mon Feb  3 17:53:48 UTC 2025
--- Copying files at Mon Feb  3 17:54:49 UTC 2025
--- Copied files finished at Mon Feb  3 17:54:49 UTC 2025
--- Copying files at Mon Feb  3 17:55:45 UTC 2025
--- Copied files finished at Mon Feb  3 17:55:45 UTC 2025
--- Copying files at Mon Feb  3 17:55:46 UTC 2025
--- Copied files finished at Mon Feb  3 17:55:46 UTC 2025
--- Copying files at Mon Feb  3 17:55:47 UTC 2025
--- Copied files finished at Mon Feb  3 17:55:47 UTC 2025
--- Copying files at Mon Feb  3 17:55:48 UTC 2025
--- Copied files finished at Mon Feb  3 17:55:48 UTC 2025
--- Copying files at Mon Feb  3 17:55:50 UTC 2025
--- Copied files finished at Mon Feb  3 17:55:50 UTC 2025
--- Copying files at Mon Feb  3 17:55:52 UTC 2025
--- Copied files finished at Mon Feb  3 17:55:53 UTC 2025
--- Copying files at Mon Feb  3 17:55:57 UTC 2025
--- Copied files finished at Mon Feb  3 17:55:57 UTC 2025
--- Copying files at Mon Feb  3 17:56:04 UTC 2025
--- Copied files finished at Mon Feb  3 17:56:04 UTC 2025
--- Copying files at Mon Feb  3 17:56:18 UTC 2025
--- Copied files finished at Mon Feb  3 17:56:18 UTC 2025
--- Copying files at Mon Feb  3 17:56:44 UTC 2025
--- Copied files finished at Mon Feb  3 17:56:44 UTC 2025
--- Copying files at Mon Feb  3 17:57:36 UTC 2025
--- Copied files finished at Mon Feb  3 17:57:36 UTC 2025
--- Copying files at Mon Feb  3 17:58:37 UTC 2025
--- Copied files finished at Mon Feb  3 17:58:37 UTC 2025
--- Copying files at Mon Feb  3 17:59:38 UTC 2025
--- Copied files finished at Mon Feb  3 17:59:38 UTC 2025
--- Copying files at Mon Feb  3 18:00:39 UTC 2025
--- Copied files finished at Mon Feb  3 18:00:39 UTC 2025
--- Copying files at Mon Feb  3 18:11:17 UTC 2025
--- Copied files finished at Mon Feb  3 18:11:17 UTC 2025
--- Copying files at Mon Feb  3 18:11:18 UTC 2025
--- Copied files finished at Mon Feb  3 18:11:18 UTC 2025
--- Copying files at Mon Feb  3 18:11:19 UTC 2025
--- Copied files finished at Mon Feb  3 18:11:19 UTC 2025
--- Copying files at Mon Feb  3 18:11:21 UTC 2025
--- Copied files finished at Mon Feb  3 18:11:21 UTC 2025
--- Copying files at Mon Feb  3 18:11:22 UTC 2025
--- Copied files finished at Mon Feb  3 18:11:22 UTC 2025
--- Copying files at Mon Feb  3 18:11:25 UTC 2025
--- Copied files finished at Mon Feb  3 18:11:25 UTC 2025
--- Copying files at Mon Feb  3 18:11:29 UTC 2025
--- Copied files finished at Mon Feb  3 18:11:29 UTC 2025
--- Copying files at Mon Feb  3 18:11:36 UTC 2025
--- Copied files finished at Mon Feb  3 18:11:36 UTC 2025
--- Copying files at Mon Feb  3 18:11:50 UTC 2025
--- Copied files finished at Mon Feb  3 18:11:50 UTC 2025
--- Copying files at Mon Feb  3 18:12:16 UTC 2025
--- Copied files finished at Mon Feb  3 18:12:17 UTC 2025
--- Copying files at Mon Feb  3 18:13:09 UTC 2025
--- Copied files finished at Mon Feb  3 18:13:09 UTC 2025
--- Copying files at Mon Feb  3 18:15:36 UTC 2025
--- Copied files finished at Mon Feb  3 18:15:36 UTC 2025
--- Copying files at Mon Feb  3 18:15:37 UTC 2025
--- Copied files finished at Mon Feb  3 18:15:37 UTC 2025
--- Copying files at Mon Feb  3 18:15:38 UTC 2025
--- Copied files finished at Mon Feb  3 18:15:38 UTC 2025
--- Copying files at Mon Feb  3 18:15:40 UTC 2025
--- Copied files finished at Mon Feb  3 18:15:40 UTC 2025
--- Copying files at Mon Feb  3 18:15:41 UTC 2025
--- Copied files finished at Mon Feb  3 18:15:41 UTC 2025
--- Copying files at Mon Feb  3 18:15:44 UTC 2025
--- Copied files finished at Mon Feb  3 18:15:44 UTC 2025
--- Copying files at Mon Feb  3 18:15:48 UTC 2025
--- Copied files finished at Mon Feb  3 18:15:48 UTC 2025
--- Copying files at Mon Feb  3 18:15:55 UTC 2025
--- Copied files finished at Mon Feb  3 18:15:55 UTC 2025
--- Copying files at Mon Feb  3 18:16:09 UTC 2025
--- Copied files finished at Mon Feb  3 18:16:09 UTC 2025
--- Copying files at Mon Feb  3 18:16:24 UTC 2025
--- Copied files finished at Mon Feb  3 18:16:24 UTC 2025
--- Copying files at Mon Feb  3 18:17:12 UTC 2025
--- Copied files finished at Mon Feb  3 18:17:12 UTC 2025
--- Copying files at Mon Feb  3 18:20:29 UTC 2025
--- Copied files finished at Mon Feb  3 18:20:29 UTC 2025
--- Copying files at Mon Feb  3 18:22:56 UTC 2025
--- Copied files finished at Mon Feb  3 18:22:56 UTC 2025
--- Copying files at Mon Feb  3 20:12:09 UTC 2025
--- Copied files finished at Mon Feb  3 20:12:09 UTC 2025
--- Copying files at Mon Feb  3 20:17:59 UTC 2025
--- Copied files finished at Mon Feb  3 20:17:59 UTC 2025
--- Copying files at Tue Feb  4 14:41:20 UTC 2025
--- Copied files finished at Tue Feb  4 14:41:20 UTC 2025
--- Copying files at Tue Feb  4 14:41:36 UTC 2025
--- Copied files finished at Tue Feb  4 14:41:36 UTC 2025
--- Copying files at Tue Feb  4 14:41:46 UTC 2025
--- Copied files finished at Tue Feb  4 14:41:46 UTC 2025
--- Copying files at Tue Feb  4 14:41:56 UTC 2025
--- Copied files finished at Tue Feb  4 14:41:56 UTC 2025
--- Copying files at Tue Feb  4 14:42:06 UTC 2025
--- Copied files finished at Tue Feb  4 14:42:06 UTC 2025
--- Copying files at Tue Feb  4 14:42:16 UTC 2025
--- Copied files finished at Tue Feb  4 14:42:16 UTC 2025
--- Copying files at Tue Feb  4 14:42:29 UTC 2025
--- Copied files finished at Tue Feb  4 14:42:29 UTC 2025
--- Copying files at Tue Feb  4 14:42:44 UTC 2025
--- Copied files finished at Tue Feb  4 14:42:44 UTC 2025
--- Copying files at Tue Feb  4 14:43:06 UTC 2025
--- Copied files finished at Tue Feb  4 14:43:06 UTC 2025
--- Copying files at Tue Feb  4 14:43:40 UTC 2025
--- Copied files finished at Tue Feb  4 14:43:40 UTC 2025
--- Copying files at Tue Feb  4 14:44:25 UTC 2025
--- Copied files finished at Tue Feb  4 14:44:25 UTC 2025
--- Copying files at Tue Feb  4 16:47:50 UTC 2025
--- Copied files finished at Tue Feb  4 16:47:50 UTC 2025
--- Copying files at Tue Feb  4 16:55:34 UTC 2025
--- Copied files finished at Tue Feb  4 16:55:34 UTC 2025
--- Copying files at Tue Feb  4 16:57:23 UTC 2025
--- Copied files finished at Tue Feb  4 16:57:23 UTC 2025
--- Copying files at Tue Feb  4 17:00:21 UTC 2025
--- Copied files finished at Tue Feb  4 17:00:21 UTC 2025
--- Copying files at Tue Feb  4 17:34:05 UTC 2025
--- Copied files finished at Tue Feb  4 17:34:05 UTC 2025
--- Copying files at Wed Feb  5 15:04:36 UTC 2025
--- Copied files finished at Wed Feb  5 15:04:36 UTC 2025
--- Copying files at Thu Feb  6 13:35:26 UTC 2025
--- Copied files finished at Thu Feb  6 13:35:26 UTC 2025
--- Copying files at Thu Feb  6 13:37:30 UTC 2025
--- Copied files finished at Thu Feb  6 13:37:30 UTC 2025
--- Copying files at Fri Feb  7 13:44:38 UTC 2025
--- Copied files finished at Fri Feb  7 13:44:38 UTC 2025
--- Copying files at Thu Feb 13 13:17:08 UTC 2025
--- Copied files finished at Thu Feb 13 13:17:08 UTC 2025
--- Copying files at Fri Feb 14 13:43:08 UTC 2025
--- Copied files finished at Fri Feb 14 13:43:08 UTC 2025
--- Copying files at Mon Feb 17 17:59:11 UTC 2025
--- Copied files finished at Mon Feb 17 17:59:11 UTC 2025
